[INFO] 2025-12-17 08:37:42 Log session start
[INFO] 2025-12-17 08:37:43 Hotkey start registered: F6
[INFO] 2025-12-17 08:37:43 Hotkey stop registered: F7
[INFO] 2025-12-17 08:37:43 Hotkey confirm registered: F8
[INFO] 2025-12-17 08:37:43 Hotkey cancel registered: ESC
[INFO] 2025-12-17 08:37:58 Macro stop requested
[INFO] 2025-12-17 13:05:37 Log session start
[INFO] 2025-12-17 13:05:38 Hotkey start registered: F6
[INFO] 2025-12-17 13:05:38 Hotkey stop registered: F7
[INFO] 2025-12-17 13:05:38 Hotkey confirm registered: F8
[INFO] 2025-12-17 13:05:38 Hotkey cancel registered: ESC
[INFO] 2025-12-17 13:05:46 Macro stop requested
[INFO] 2025-12-17 13:06:18 Log session start
[INFO] 2025-12-17 13:06:18 Hotkey start registered: F6
[INFO] 2025-12-17 13:06:18 Hotkey stop registered: F7
[INFO] 2025-12-17 13:06:18 Hotkey confirm registered: F8
[INFO] 2025-12-17 13:06:18 Hotkey cancel registered: ESC
[INFO] 2025-12-17 13:06:25 Macro stop requested
[INFO] 2025-12-17 13:09:29 Log session start
[INFO] 2025-12-17 13:09:29 Hotkey start registered: F6
[INFO] 2025-12-17 13:09:29 Hotkey stop registered: F7
[INFO] 2025-12-17 13:09:29 Hotkey confirm registered: F8
[INFO] 2025-12-17 13:09:29 Hotkey cancel registered: ESC
[INFO] 2025-12-17 13:09:37 Macro stop requested
[INFO] 2025-12-17 13:11:37 Log session start
[INFO] 2025-12-17 13:11:37 Hotkey start registered: F6
[INFO] 2025-12-17 13:11:37 Hotkey stop registered: F7
[INFO] 2025-12-17 13:11:37 Hotkey confirm registered: F8
[INFO] 2025-12-17 13:11:37 Hotkey cancel registered: ESC
[INFO] 2025-12-17 13:11:44 Macro stop requested
[INFO] 2025-12-17 14:52:16 Log session start
[INFO] 2025-12-17 14:52:17 Hotkey start registered: F6
[INFO] 2025-12-17 14:52:17 Hotkey stop registered: F7
[INFO] 2025-12-17 14:52:17 Hotkey confirm registered: F8
[INFO] 2025-12-17 14:52:17 Hotkey cancel registered: ESC
[INFO] 2025-12-17 14:52:22 Macro stop requested
[INFO] 2025-12-17 14:54:00 Log session start
[INFO] 2025-12-17 14:54:48 Log session start
[INFO] 2025-12-17 14:54:48 Hotkey start registered: F6
[INFO] 2025-12-17 14:54:48 Hotkey stop registered: F7
[INFO] 2025-12-17 14:54:48 Hotkey confirm registered: F8
[INFO] 2025-12-17 14:54:48 Hotkey cancel registered: ESC
[INFO] 2025-12-17 14:56:54 Macro stop requested
[INFO] 2025-12-17 16:11:24 Log session start
[INFO] 2025-12-17 16:11:58 Log session start
[INFO] 2025-12-17 16:12:25 Log session start
[INFO] 2025-12-17 16:12:25 Hotkey start registered: F6
[INFO] 2025-12-17 16:12:25 Hotkey stop registered: F7
[INFO] 2025-12-17 16:12:25 Hotkey confirm registered: F8
[INFO] 2025-12-17 16:12:25 Hotkey cancel registered: ESC
[INFO] 2025-12-17 16:12:35 Macro stop requested
[INFO] 2025-12-17 16:13:02 Log session start
[INFO] 2025-12-17 16:13:02 Hotkey start registered: F6
[INFO] 2025-12-17 16:13:02 Hotkey stop registered: F7
[INFO] 2025-12-17 16:13:02 Hotkey confirm registered: F8
[INFO] 2025-12-17 16:13:02 Hotkey cancel registered: ESC
[INFO] 2025-12-17 16:13:59 Log session start
[INFO] 2025-12-17 16:13:59 Hotkey start registered: F6
[INFO] 2025-12-17 16:13:59 Hotkey stop registered: F7
[INFO] 2025-12-17 16:13:59 Hotkey confirm registered: F8
[INFO] 2025-12-17 16:13:59 Hotkey cancel registered: ESC
[INFO] 2025-12-17 16:14:07 Macro stop requested
[INFO] 2025-12-17 16:15:53 Log session start
[INFO] 2025-12-17 16:15:53 Hotkey start registered: F6
[INFO] 2025-12-17 16:15:53 Hotkey stop registered: F7
[INFO] 2025-12-17 16:15:53 Hotkey confirm registered: F8
[INFO] 2025-12-17 16:15:53 Hotkey cancel registered: ESC
[WARNING] 2025-12-17 16:16:16 No location selected. Use Pick Location first.
[INFO] 2025-12-17 16:16:22 Macro stop requested
[INFO] 2025-12-17 16:20:54 Log session start
[INFO] 2025-12-17 16:20:55 Hotkey start registered: F6
[INFO] 2025-12-17 16:20:55 Hotkey stop registered: F7
[INFO] 2025-12-17 16:20:55 Hotkey confirm registered: F8
[INFO] 2025-12-17 16:20:55 Hotkey cancel registered: ESC
[INFO] 2025-12-17 16:21:01 Location confirmed at (1371, 513)
[INFO] 2025-12-17 16:21:15 Macro stop requested
[INFO] 2025-12-17 16:22:53 Log session start
[INFO] 2025-12-17 16:22:53 Hotkey start registered: F6
[INFO] 2025-12-17 16:22:53 Hotkey stop registered: F7
[INFO] 2025-12-17 16:22:53 Hotkey confirm registered: F8
[INFO] 2025-12-17 16:22:53 Hotkey cancel registered: ESC
[INFO] 2025-12-17 16:24:48 Hotkey start registered: F6
[INFO] 2025-12-17 16:24:48 Hotkey stop registered: F7
[INFO] 2025-12-17 16:24:48 Hotkey confirm registered: F8
[INFO] 2025-12-17 16:24:48 Hotkey cancel registered: ESC
[INFO] 2025-12-17 16:24:48 Hotkey start registered: F6
[INFO] 2025-12-17 16:24:48 Hotkey stop registered: F7
[INFO] 2025-12-17 16:24:48 Hotkey confirm registered: F8
[INFO] 2025-12-17 16:24:48 Hotkey cancel registered: ESC
[INFO] 2025-12-17 16:25:02 Macro stop requested
[INFO] 2025-12-17 16:26:23 Log session start
[INFO] 2025-12-17 16:26:24 Hotkey start registered: F6
[INFO] 2025-12-17 16:26:24 Hotkey stop registered: F7
[INFO] 2025-12-17 16:26:24 Hotkey confirm registered: F8
[INFO] 2025-12-17 16:26:24 Hotkey cancel registered: ESC
[INFO] 2025-12-17 16:27:08 Macro stop requested
[INFO] 2025-12-17 17:01:10 Log session start
[INFO] 2025-12-17 17:01:10 Hotkey start registered: F6
[INFO] 2025-12-17 17:01:10 Hotkey stop registered: F7
[INFO] 2025-12-17 17:01:10 Hotkey confirm registered: F8
[INFO] 2025-12-17 17:01:10 Hotkey cancel registered: ESC
[INFO] 2025-12-17 17:01:12 Macro stop requested
[INFO] 2025-12-17 17:06:33 Log session start
[INFO] 2025-12-17 17:08:49 Hotkey start registered: F6
[INFO] 2025-12-17 17:08:49 Hotkey stop registered: F7
[INFO] 2025-12-17 17:08:49 Hotkey confirm registered: F8
[INFO] 2025-12-17 17:08:49 Hotkey cancel registered: ESC
[INFO] 2025-12-17 17:18:43 Log session start
[INFO] 2025-12-17 17:18:43 Hotkey start registered: F6
[INFO] 2025-12-17 17:18:43 Hotkey stop registered: F7
[INFO] 2025-12-17 17:18:43 Hotkey confirm registered: F8
[INFO] 2025-12-17 17:18:43 Hotkey cancel registered: ESC
[INFO] 2025-12-17 17:18:45 Hotkey start registered: F6
[INFO] 2025-12-17 17:18:45 Hotkey stop registered: F7
[INFO] 2025-12-17 17:18:45 Hotkey confirm registered: F8
[INFO] 2025-12-17 17:18:45 Hotkey cancel registered: ESC
[INFO] 2025-12-17 17:18:46 Macro stop requested
[INFO] 2025-12-17 17:18:48 Log session start
[INFO] 2025-12-17 17:19:01 Hotkey start registered: F6
[INFO] 2025-12-17 17:19:01 Hotkey stop registered: F7
[INFO] 2025-12-17 17:19:01 Hotkey confirm registered: F8
[INFO] 2025-12-17 17:19:01 Hotkey cancel registered: ESC
[INFO] 2025-12-17 17:22:02 Log session start
[INFO] 2025-12-17 17:22:02 Hotkey start registered: F6
[INFO] 2025-12-17 17:22:02 Hotkey stop registered: F7
[INFO] 2025-12-17 17:22:02 Hotkey confirm registered: F8
[INFO] 2025-12-17 17:22:02 Hotkey cancel registered: ESC
[INFO] 2025-12-17 17:22:03 Hotkey start registered: F6
[INFO] 2025-12-17 17:22:03 Hotkey stop registered: F7
[INFO] 2025-12-17 17:22:03 Hotkey confirm registered: F8
[INFO] 2025-12-17 17:22:03 Hotkey cancel registered: ESC
[INFO] 2025-12-17 17:22:04 Macro stop requested
[INFO] 2025-12-17 17:22:06 Log session start
[INFO] 2025-12-17 17:22:15 Hotkey start registered: F6
[INFO] 2025-12-17 17:22:15 Hotkey stop registered: F7
[INFO] 2025-12-17 17:22:15 Hotkey confirm registered: F8
[INFO] 2025-12-17 17:22:15 Hotkey cancel registered: ESC
[INFO] 2025-12-17 17:22:19 Macro stop requested
[INFO] 2025-12-17 17:22:25 Log session start
[INFO] 2025-12-17 17:22:25 Hotkey start registered: F6
[INFO] 2025-12-17 17:22:25 Hotkey stop registered: F7
[INFO] 2025-12-17 17:22:25 Hotkey confirm registered: F8
[INFO] 2025-12-17 17:22:25 Hotkey cancel registered: ESC
[INFO] 2025-12-17 17:22:26 Hotkey start registered: F6
[INFO] 2025-12-17 17:22:26 Hotkey stop registered: F7
[INFO] 2025-12-17 17:22:26 Hotkey confirm registered: F8
[INFO] 2025-12-17 17:22:26 Hotkey cancel registered: ESC
[INFO] 2025-12-17 17:22:27 Macro stop requested
[INFO] 2025-12-17 17:22:29 Log session start
